C51 COMPILER V9.55   STEP                                                                  12/29/2016 16:34:28 PAGE 1   


C51 COMPILER V9.55, COMPILATION OF MODULE STEP
OBJECT MODULE PLACED IN .\Objects\step.obj
COMPILER INVOKED BY: C:\Keil_v5\C51\BIN\C51.EXE step.c OPTIMIZE(8,SPEED) BROWSE DEBUG OBJECTEXTEND PRINT(.\Listings\step
                    -.lst) TABS(2) OBJECT(.\Objects\step.obj)

line level    source

   1          #include<reg51.h>
   2          #include "UDF/delay.h"
   3          sbit M0 = P3^2;
   4          
   5          sbit M1 = P3^3;
   6          sbit M2 = P3^4;
   7          sbit M3 = P3^5;
   8          
   9          main()
  10          {
  11   1        unsigned int i;
  12   1        for(i=0;i<50;i++){
  13   2                
  14   2                M3 = 0; M0 = M1 = M2 = 1;
  15   2                delay(2);
  16   2                M2 = 0; M0 = M1 = M3 = 1;
  17   2                delay(2);
  18   2                M1 = 0; M0 = M3 = M2 = 1;
  19   2                delay(2);
  20   2                M0 = 0; M3 = M1 = M2 = 1;
  21   2                delay(2);
  22   2              }
  23   1        
  24   1        } 
*** WARNING C290 IN LINE 24 OF step.c: missing return value


MODULE INFORMATION:   STATIC OVERLAYABLE
   CODE SIZE        =     93    ----
   CONSTANT SIZE    =   ----    ----
   XDATA SIZE       =   ----    ----
   PDATA SIZE       =   ----    ----
   DATA SIZE        =   ----    ----
   IDATA SIZE       =   ----    ----
   BIT SIZE         =   ----    ----
END OF MODULE INFORMATION.


C51 COMPILATION COMPLETE.  1 WARNING(S),  0 ERROR(S)
