C51 COMPILER V9.55   TES                                                                   02/03/2017 16:06:51 PAGE 1   


C51 COMPILER V9.55, COMPILATION OF MODULE TES
OBJECT MODULE PLACED IN .\Objects\tes.obj
COMPILER INVOKED BY: C:\Keil_v5\C51\BIN\C51.EXE tes.c OPTIMIZE(8,SPEED) BROWSE DEBUG OBJECTEXTEND PRINT(.\Listings\tes.l
                    -st) TABS(2) OBJECT(.\Objects\tes.obj)

line level    source

   1          #include <reg51.h>
   2          #include "UDF/delay.h"
   3          
   4          void main(){
   5   1        while(1){
   6   2          P0 = ~P0;
   7   2          delay(500);
   8   2        }
   9   1      
  10   1      }


MODULE INFORMATION:   STATIC OVERLAYABLE
   CODE SIZE        =     44    ----
   CONSTANT SIZE    =   ----    ----
   XDATA SIZE       =   ----    ----
   PDATA SIZE       =   ----    ----
   DATA SIZE        =   ----    ----
   IDATA SIZE       =   ----    ----
   BIT SIZE         =   ----    ----
END OF MODULE INFORMATION.


C51 COMPILATION COMPLETE.  0 WARNING(S),  0 ERROR(S)
